<?xml version="1.0" encoding="UTF-8"?>
<testsuite name="uek.is.oop.AnimalTest" tests="1" skipped="0" failures="0" errors="0" timestamp="2022-03-20T12:40:16" hostname="LAPTOP-B53JIEFC" time="0.065">
  <properties/>
  <testcase name="itChecksisAt()" classname="uek.is.oop.AnimalTest" time="0.065"/>
  <system-out><![CDATA[EAST
Vector: (1,0)
Vector: (1,0)
Vector: (1,0)
Vector: (1,0)
Vector: (1,0)
NORTH
Vector: (0,1)
Vector: (0,1)
Vector: (0,1)
Vector: (0,1)
Vector: (0,1)
Vector: (0,1)
Vector: (0,1)
Vector: (0,1)
Vector: (0,1)
Vector: (0,1)
EAST
Vector: (1,0)
Vector: (1,0)
Vector: (1,0)
Vector: (1,0)
Vector: (1,0)
Vector: (1,0)
Zwierze nie moÅ¼e wyjÅ›Ä‡ poza mape
]]></system-out>
  <system-err><![CDATA[]]></system-err>
</testsuite>
