<?xml version="1.0" encoding="UTF-8"?>
<testsuite name="uek.is.oop.SimulationEngineTest" tests="1" skipped="0" failures="0" errors="0" timestamp="2022-03-22T23:49:06" hostname="LAPTOP-B53JIEFC" time="0.069">
  <properties/>
  <testcase name="itChecksRunMethod()" classname="uek.is.oop.SimulationEngineTest" time="0.069"/>
  <system-out><![CDATA[Vector: (0,1)
Vector: (0,1)
Vector: (0,1)
Vector: (0,1)
Vector: (0,1)
Vector: (0,1)
Vector: (0,1)
Vector: (0,1)
Vector: (0,1)
Vector: (0,1)
Vector: (0,1)
Vector: (0,1)
EAST
WEST
Vector: (1,0)
Vector: (1,0)
Vector: (1,0)
Vector: (1,0)
Vector: (1,0)
Vector: (1,0)
Vector: (-1,0)
Vector: (-1,0)
Vector: (-1,0)
Vector: (-1,0)
Vector: (-1,0)
Vector: (-1,0)
 y\x  0 1 2 3 4 5 6 7 8 910
  6: -----------------------
  5: | | | | | | | | | | | |
  4: | | | | | | | | | | | |
  3: | |orientation: E, position: (1,3)|orientation: W, position: (2,3)| | | | | | | | |
  2: | | | | | | | | | | | |
  1: | | | | | | | | | | | |
  0: | | | | | | | | | | | |
 -1: -----------------------

]]></system-out>
  <system-err><![CDATA[]]></system-err>
</testsuite>
