<?xml version="1.0" encoding="UTF-8"?>
<testsuite name="Vector2dTest" tests="1" skipped="0" failures="0" errors="0" timestamp="2022-03-19T21:17:41" hostname="LAPTOP-B53JIEFC" time="0.042">
  <properties/>
  <testcase name="itChecksOpposite()" classname="Vector2dTest" time="0.042"/>
  <system-out><![CDATA[]]></system-out>
  <system-err><![CDATA[]]></system-err>
</testsuite>
